[   0.000000] Initializing cgroup subsys cpuset
[   0.000000] Initializing cgroup ubsys cpu
[   0.0000000] Initaling croup subsys pucct
[  0000000] inx versio 4.4.0-66-enericbuldd@lgw01-28)(gcc version 5.40 0160609 (Ubutu5..0-6uunu1~1.04.)  #7-Ubunt SP Fi Mar 3 15:29:05 UTC 2017 (buntu 4.4.0-66.87-generic 4.4.44)
[    00000] Command line: BOOT_IMAGE=/boot/vmlinuz-4.4.0-66-generic oot=LABEL=cloudimg-roots o console=tty1 console=ttyS0
[    0.000000] KENE spporedcps:
[   0.0000]  Intel GenuieIel
[   0.00000   AMD AuthenticAM
[    0000000]   Centaur CentaurHauls
[    0.0000] x86/fpu: xstateoffset[2]:  576, xstate_sizes[2]: 25
[    000000] x86/fpu: Supportig XSVEfetu 0x01: 'x7 loating point reisters'
    0.000000] x86/fpu: Supporting XSAVE feature 0x02: 'SS rgiters'
[    0.000000x86/fpu: Supporting XSAVE feature 0x04: 'AVX registers'
[   0.000000] x86/fpu: Enabled xstate features 0x7, context size is 832 bytes, using 'standard' format.
[    0.000000] x86/fpu: Using 'lazy' FPU context switches.
[    0.000000] e820: BIOS-provided physical RAM map:
[    0.000000] BIOS-e820: [mem 0x0000000000000000-0x000000000009fbff] usable
[    0.000000] BIS-e820: [mem 0x000000000009fc00-0x000000000009ffff] reserved
[   00000 BOS-e82 [mem 0x00000000000f0000-0x00000000ffff] esrved
[  0.000000] BIOS-e820: [mem 0x0000000000100000-0x000000003ffeffff] usable
[    0.000000] BIOS-e820: [mem 0x000000003fff0000-0x000000003fffffff] ACPI data
[    0.000000] BIOS-e820: [mem 0x00000000fec00000-0x00000000fec00fff] reserved
[    000000] BIOS-e820: [mem 0x00000000fee00000-0x00000000fee00fff] reserved
[    0.000000] BOSe82: mem 0x00000000fffc0000-0x00000000ffffffff] reserved
[    0.000000] NX (Execute Disableprotetin:active
[   0.000000] SMBIOS 2. present.
[   0.000000] Hypervisor detected: KVM
[    0.000000] e820: last_pfn = 0x3fff0 max_arch_pfn = 0x400000000
[   000000] MTRR: Disabled
[   0.00000] x86/PAT MTRR dsaleed, skipping PAT initializaion oo
    000000] x8PA: Configuration [0-7: WB  WT  UC- UC  WB  WT  UC- UC  
[    0.000000] CPU MTRRs all blan -virtualized system.
[    0.00000] found SMP MP-tabl at [mem x009fff-0x09ff] appe a [fff800009fff0]
   000000] Scannin 1 aasfo l memory corrupti

[  0.000] RADIK: [mem 0x36ad0000-0x375fff]
[    000000] ACPI: Early table checksum verification disabled
[    0.000000] ACPI: RSDP 0x00000000000E0000 000024 (v02 VBOX  )
[    0.000000] ACPI: XSDT 0x000000003FFF0030 00003C (v01 VBOX   VBOXXSDT 00000001 ASL  0000061)
[    0.000000] ACPI: FACP 0x000000003FF0F0 0000F4 (v VBOX VBOXCP 00000001 ASL  00000061)
[    0.000000] ACPI: DSDT 0x000000003FFF0470 00210F (v01 VBOX   VBOXBIOS 00000002 INTL 20100528)
[    0.000000] ACPI FCS 0x000000003FFF00 000040
[    0.000000] ACPI: FACS 0x000000003FFF0200 000040
[    0.000000] ACPI: APIC 0x000000003FFF0240 00005C (v02 VBOX   VBOXAPIC 00000001 ASL  00000061)
[    0.000000] ACPI: SSDT 0x0000003FFF02A0 0001CC (v01 VBOX   VBOXCPUT 00000002 INTL 20100528)
[    0.000000] No NUMA configuration found
[    0.000000] Fakina node at [mem 0x0000000000000000-0x000000003ffeffff]
[   0.00000] NODE_DATA(0) allocated [mem 0x3ffeb000-0x3ffeffff]
[    0.000000] kvm-clock: UUsing msrs 4b564d01 and 4b564d00
[    0.000000] kvm-clock: cpu 0, msr 0:3ffe3001, primary cpu clock
[    0.000000] kvm-clock: uing sched offset of3186927312 cycles
[    000000] clocksource: kvm-clock: mask: 0xffffffffffffffff max_cycles: 0cd42e4fb, max_idle_ns: 881590591483 ns
[    0.000000] Zone ranges:
[    0.000000]   DMA      [mem 0x0000000000001000-0x0000000000ffffff]
[   0.000000]   DMA32    [mem 0x0000000001000000-0x000000003ffeffff]
[    0.000000]   Normal   empty
[    0.000000]   Device   empty
[    0.000000] Movable zone strt for each node
[    0.000000] Early memory node ranges
[    0.000000]   node   0: [mem 0x0000000000001000-0x00000000009efff]
[    0.000000]   node   0: [mem 0x0000000000100000-0x000000003ffeffff]
[    0.000000] Initmem setup node 0 [mem 00000000000001000-x000000003ffeffff]
[    0.000000] ACPI: PM-Timer IO Port: 0x408
[    0.000000] IOAPIC[0]: apic_i 2 version 32, address 0xfec00000, GSI 0-23
[    0.000000] ACPI: INT_SRC_OVR (bus 0 bus_irq 0 globa_irq 2 dfl dfl)
[    0.000000] ACPI: INT_SRC_OVR (bus 0 bus_irq 9 global_irq 9 high level)
[    0.000000] Using ACPI (MADT) for SMP configraon information
[    0.000000] smpboot: Allowing 2 CPUs, 0 hotplug CPUs
[    0.000000] PM: Registered nosave memory: [mem 0x00000000-0x00000fff]
[    0.000000] PM: Registered nosave memory: [mem 0x0009f000-0x0009ffff]
[    0.000000] PM: Registered nosave memory: [mem 0x000a0000-0x000effff]
[    0.000000] PM: Registered nosave memory: [mem 0x000f0000-0x000fffff]
[    0.000000] e820: [mem 0x40000000-0xfebfffff] available for PCI devices
[    0.000000] Booting paravirtualized kernel on KVM
[    0.000000] clocksource: refined-jiffies: mask: 0xffffffff max_cycles: 0xffffffff, max_idle_ns: 7645519600211568 ns
[    0.000000] setup_percpu: NR_CPUS:512 nr_cpumask_bits:512 nr_cpu_ids:2 nr_node_ids:1
[    0.000000] PERCPU: Embedded 33 pages/cpu @ffff88003fc00000 s98264 r8192 d28712 u1048576
[    0.000000] PV qspinlock hash table entries: 256 (order: 0, 4096 bytes)
[    0.000000] Built 1 zonelists in Node order, mobility grouping on.  Total pages: 257913
[    0.000000] Policy zone: DMA32
[    0.000000] Kernel command line: BOOT_IMAGE=/boot/vmlinuz-4.4.0-66-generic root=LABEL=cloudimg-rootfs ro console=tty1 console=ttyS0
[    0.000000] PID hash table entries: 4096 (order 3 32768 bytes)
[  0000000] Memory101760K/048120K avaiabe 8452K kernel code, 1293K rwdata, 3980K rodata, 1488K init, 1316K bss, 46360K reserved, 0K cma-reserved)
[    0.000000] SLUB: HWalign=64, Order=0-3, MinObjects=0, CPUs=2, Nodes=1
[    0.0000] Hierarchical RCU implementation.[    0.000000] 	Build-ime adjustment of leaf fanout to 64.
[    0.000000] 	RCU restricting CPUs from R_CPUS=512 to nr_cpu_ids=2.
[    0.000000] RCU: Austing geometry forcu_fanot_leaf=64, nr_cpu_ids=2
[    0.000000] NR_RQS:3024 nr_irqs:44016
[  0.000000] Console: colour VGA+ 80x25
[    0.000000] console [tty1] enabled
[    0.000000] console [ttyS0] enabled
[    0.000000] tsc: Dected 2494.316 MHz processor
[    5.937918] Calibrating delay loop (skipped) preset value.. 4988.63 BogoMIPS (lpj=9977264)
[    5.950917] pid_max: default: 32768 minimum: 301
[    5.958905] ACPI: Core revision 20150930
[    5.968041] ACPI: 2 ACPI AML tables successfully acquired and loaded
[    5.975148] Security Framework initialized
[    5.977783] Yama: becoming mindful.
[    5.979228] AppArmor: AppArmor initialized
[    6.012639] Dentry cache hash table entries: 131072 (order: 8, 1048576 bytes)
[    6.037240] Inode-cache hash table entries: 65536 (order: 7, 524288 bytes)
[    6.055588] Mount-cache hash table entries: 2048 (order: 2, 16384 bytes)
[    6.193720] Mountpoint-cache hash table entries: 2048 (order: 2, 16384 bytes)
[    6.317241] Initializing cgroup subsys io
[    6.351961] Initializing cgroup subsys memory
[    6.372607] Initializing cgroup subsys devices
[    6.386101] Initializing cgroup subsys freezer
[    6.399278] Initializing cgroup subsys net_cls
[    6.400660] Initializing cgroup subsys perf_event
[    6.448922] Initializing cgroup subsys net_prio
[    6.469370] Initializing cgroup subsys hugetlb
[    6.481852] Initializing cgroup subsys pids
[    6.489218] CPU: Physical Processor ID: 0
[    6.497473] CPU: Processor Core ID: 0
[    6.507974] mce: CPU supports 0 MCE banks
[    6.509546] Last level iTLB entries: 4KB 512, 2MB 8, 4MB 8
[    6.517870] Last level dTLB entries: 4KB 512, 2MB 32, 4MB 32, 1GB 0
[    6.531841] Freeing SMP alternatives memory: 32K (ffffffff820b9000 - ffffffff820c1000)
[    6.562781] ftrace: allocating 32123 entries in 126 pages
[    6.630699] smpboot: APIC(0) Converting physical 0 to logical package 0
[    6.642994] smpboot: Max logical packages: 1
[    6.645889] x2apic enabled
[    6.656986] Switched APIC routing to physical x2apic.
[    6.660117] ..TIMER: vector=0x30 apic1=0 pin1=2 apic2=-1 pin2=-1
[    6.788394] smpboot: CPU0: Intel(R) Core(TM) i5-3210M CPU @ 2.50GHz (family: 0x6, model: 0x3a, stepping: 0x9)
[    6.858194] Performance Events: unsupported p6 CPU model 58 no PMU driver, software events only.
[    6.892391] KVM setup paravirtual spinlock
[    6.905511] x86: Booting SMP configuration:
[    6.912119] .... node  #0, CPUs:      #1
[    6.935203] kvm-clock: cpu 1, msr 0:3ffe3041, secondary cpu clock
[    6.973460] mce: CPU supports 0 MCE banks
[    6.976493] x86: Booted up 1 node, 2 CPUs
[    6.982120] smpboot: Total of 2 processors activated (9977.26 BogoMIPS)
[    6.995866] devtmpfs: initialized
[    7.009714] evm: security.selinux
[    7.021298] evm: security.SMACK64
[    7.027582] evm: security.SMACK64EXEC
[    7.031551] evm: security.SMACK64TRANSMUTE
[    7.051230] evm: security.SMACK64MMAP
[    7.061459] evm: security.ima
[    7.081334] evm: security.capability
[    7.094324] clocksource: jiffies: mask: 0xffffffff max_cycles: 0xffffffff, max_idle_ns: 7645041785100000 ns
[    7.126598] pinctrl core: initialized pinctrl subsystem
[    7.136570] RTC time: 21:19:18, date: 03/25/17
[    7.141024] NET: Registered protocol family 16
[    7.164902] cpuidle: using governor ladder
[    7.181093] cpuidle: using governor menu
[    7.193809] PCCT header not found.
[    7.195300] ACPI: bus type PCI registered
[    7.203801] acpiphp: ACPI Hot Plug PCI Controller Driver version: 0.5
[    7.218480] PCI: Using configuration type 1 for base access
[    7.234325] ACPI: Added _OSI(Module Device)
[    7.252752] ACPI: Added _OSI(Processor Device)
[    7.279930] ACPI: Added _OSI(3.0 _SCP Extensions)
[    7.294752] ACPI: Added _OSI(Processor Aggregator Device)
[    7.314675] ACPI: Executed 1 blocks of module-level executable AML code
[    7.397190] ACPI: Interpreter enabled
[    7.462583] ACPI: (supports S0 S5)
[    7.482008] ACPI: Using IOAPIC for interrupt routing
[    7.502169] PCI: Using host bridge windows from ACPI; if necessary, use "pci=nocrs" and report a bug
[    7.543999] ACPI: PCI Root Bridge [PCI0] (domain 0000 [bus 00-ff])
[    7.565681] acpi PNP0A03:00: _OSC: OS supports [ASPM ClockPM Segments MSI]
[    7.582363] acpi PNP0A03:00: _OSC failed (AE_NOT_FOUND); disabling ASPM
[    7.602766] acpi PNP0A03:00: fail to add MMCONFIG information, can't access extended PCI configuration space under this bridge.
[    7.656187] PCI host bridge to bus 0000:00
[    7.666703] pci_bus 0000:00: root bus resource [io  0x0000-0x0cf7 window]
[    7.682919] pci_bus 0000:00: root bus resource [io  0x0d00-0xffff window]
[    7.713876] pci_bus 0000:00: root bus resource [mem 0x000a0000-0x000bffff window]
[    7.738810] pci_bus 0000:00: root bus resource [mem 0x40000000-0xffdfffff window]
[    7.744609] pci_bus 0000:00: root bus resource [bus 00-ff]
[    7.757584] pci 0000:00:01.1: legacy IDE quirk: reg 0x10: [io  0x01f0-0x01f7]
[    7.774057] pci 0000:00:01.1: legacy IDE quirk: reg 0x14: [io  0x03f6]
[    7.794096] pci 0000:00:01.1: legacy IDE quirk: reg 0x18: [io  0x0170-0x0177]
[    7.815204] pci 0000:00:01.1: legacy IDE quirk: reg 0x1c: [io  0x0376]
[    7.867493] pci 0000:00:07.0: quirk: [io  0x4000-0x403f] claimed by PIIX4 ACPI
[    7.874919] pci 0000:00:07.0: quirk: [io  0x4100-0x410f] claimed by PIIX4 SMB
[    7.896700] ACPI: PCI Interrupt Link [LNKA] (IRQs 5 9 10 *11)
[    7.923452] ACPI: PCI Interrupt Link [LNKB] (IRQs 5 9 10 *11)
[    7.945301] ACPI: PCI Interrupt Link [LNKC] (IRQs 5 9 *10 11)
[    7.958945] ACPI: PCI Interrupt Link [LNKD] (IRQs 5 *9 10 11)
[    7.967266] ACPI: Enabled 2 GPEs in block 00 to 07
[    7.991967] vgaarb: setting as boot device: PCI:0000:00:02.0
[    8.017687] vgaarb: device added: PCI:0000:00:02.0,decodes=io+mem,owns=io+mem,locks=none
[    8.031177] vgaarb: loaded
[    8.050005] vgaarb: bridge control possible 0000:00:02.0
[    8.092386] SCSI subsystem initialized
[    8.120081] ACPI: bus type USB registered
[    8.131591] usbcore: registered new interface driver usbfs
[    8.142006] usbcore: registered new interface driver hub
[    8.174905] usbcore: registered new device driver usb
[    8.191606] PCI: Using ACPI for IRQ routing
[    8.195707] NetLabel: Initializing
[    8.200114] NetLabel:  domain hash size = 128
[    8.207849] NetLabel:  protocols = UNLABELED CIPSOv4
[    8.220313] NetLabel:  unlabeled traffic allowed by default
[    8.223705] amd_nb: Cannot enumerate AMD northbridges
[    8.251465] clocksource: Switched to clocksource kvm-clock
[    8.276940] AppArmor: AppArmor Filesystem Enabled
[   2843pnp: PnP ACPI init
[    8.553339] pnpPn ACPI: found 3 devices
[  88254] clocksource: acpi_pm: mask: 0xfffff max_cycles: 0xffffff, max_idle_ns: 20571024 ns
[   9.076288] NET: Registereprotocolfamily 2

[    9.20795] P stblhed hash table entries: 8192 (order: 4, 65536 bytes)
[  9.442353] TCP bind hash tae ntries: 8192 (order: 5 131072 bytes)
[    9.797883] TCP: Hash tables configured (established 8192 bind 812)
[    9.887348] UDP hash table entries: 512 (order: 2, 16384 bte)
[    9.990577] UDP-Lite hash table entries: 5 (order: 2, 16384 bytes)
[  1072993] NET: Regierd roocl miy 1
[   10.477395] pci 0000:0:00: Limiting direct PCI/PCI transfes[ 10.6037]pci 00001.: ctivati I DMA hang workaounds

[   11.211171] Trying to unpack rootfs image as initramfs...
[   13.821942] Freeing initrd memory: 10816K (ffff880036ad0000 - ffff880037560000)
[   13.832870] RAPL PMU detected, API unit is 2^-32 Joules, 3 fixed counters 10737418240 ms ovfl timer
[   13.862329] hw unit of domain pp0-core 2^-0 Joules
[   13.872427] hw unit of domain package 2^-0 Joules
[   13.887245] hw unit of domain pp1-gpu 2^-0 Joules
[   13.905927] platform rtc_cmos: registered platform RTC device (no PNP device found)
[   13.918185] Scanning for low memory corruption every 60 seconds
[   13.953158] futex hash table entries: 512 (order: 3, 32768 bytes)
[   14.009551] audit: initializing netlink subsys (disabled)
[   14.054272] audit: type=2000 audit(1490476762.046:1): initialized
[   14.103854] Initialise system trusted keyring
[   14.112408] HugeTLB registered 2 MB page size, pre-allocated 0 pages
[   14.137392] zbud: loaded
[   14.144375] VFS: Disk quotas dquot_6.6.0
[   14.153632] VFS: Dquot-cache hash table entries: 512 (order 0, 4096 bytes)
[   14.168861] squashfs: version 4.0 (2009/01/31) Phillip Lougher
[   14.190930] fuse init (API version 7.23)
[   14.208228] Key type big_key registered
[   14.224223] Allocating IMA MOK and blacklist keyrings.
[   14.253818] Key type asymmetric registered
[   14.277719] Asymmetric key parser 'x509' registered
[   14.285749] Block layer SCSI generic (bsg) driver version 0.4 loaded (major 249)
[   14.332042] io scheduler noop registered
[   14.356592] io scheduler deadline registered (default)
[   14.381328] io scheduler cfq registered
[   14.425524] pci_hotplug: PCI Hot Plug PCI Core version: 0.5
[   14.498114] pciehp: PCI Express Hot Plug Controller Driver version: 0.4
[   14.509115] ACPI: AC Adapter [AC] (on-line)
[   14.585595] input: Power Button as /devices/LNXSYSTM:00/LNXPWRBN:00/input/input0
[   14.694456] ACPI: Power Button [PWRF]
[   14.696961] input: Sleep Button as /devices/LNXSYSTM:00/LNXSLPBN:00/input/input1
[   14.717082] ACPI: Sleep Button [SLPF]
[   14.723996] GHES: HEST is not enabled!
[   14.738410] Serial: 8250/16550 driver, 32 ports, IRQ sharing enabled
[   14.807257] 00:02: ttyS0 at I/O 0x3f8 (irq = 4, base_baud = 115200) is a 16550A
[   14.839425] Linux agpgart interface v0.103
[   14.860958] brd: module loaded
[   14.872332] loop: module loaded
[   14.886429] scsi host0: ata_piix
[   14.888158] scsi host1: ata_piix
[   14.897442] ata1: PATA max UDMA/33 cmd 0x1f0 ctl 0x3f6 bmdma 0xd000 irq 14
[   14.910944] ata2: PATA max UDMA/33 cmd 0x170 ctl 0x376 bmdma 0xd008 irq 15
[   14.932901] tsc: Refined TSC clocksource calibration: 2493.481 MHz
[   14.936238] libphy: Fixed MDIO Bus: probed
[   14.936243] tun: Universal TUN/TAP device driver, 1.6
[   14.936243] tun: (C) 1999-2004 Max Krasnyansky <maxk@qualcomm.com>
[   14.958937] PPP generic driver version 2.4.2
[   14.959054] ehci_hcd: USB 2.0 'Enhanced' Host Controller (EHCI) Driver
[   14.959068] ehci-pci: EHCI PCI platform driver
[   14.959102] ehci-platform: EHCI generic platform driver
[   14.959120] ohci_hcd: USB 1.1 'Open' Host Controller (OHCI) Driver
[   14.959128] ohci-pci: OHCI PCI platform driver
[   14.959146] ohci-platform: OHCI generic platform driver
[   14.959160] uhci_hcd: USB Universal Host Controller Interface driver
[   14.959268] i8042: PNP: PS/2 Controller [PNP0303:PS2K,PNP0f03:PS2M] at 0x60,0x64 irq 1,12
[   14.959823] serio: i8042 KBD port at 0x60,0x64 irq 1
[   14.959829] serio: i8042 AUX port at 0x60,0x64 irq 12
[   14.959960] mousedev: PS/2 mouse device common for all mice
[   14.960257] input: AT Translated Set 2 keyboard as /devices/platform/i8042/serio0/input/input2
[   14.960686] rtc_cmos rtc_cmos: rtc core: registered rtc_cmos as rtc0
[   14.960758] rtc_cmos rtc_cmos: alarms up to one day, 114 bytes nvram
[   14.960770] i2c /dev entries driver
[   14.960901] device-mapper: uevent: version 1.0.3
[   14.961003] device-mapper: ioctl: 4.34.0-ioctl (2015-10-28) initialised: dm-devel@redhat.com
[   14.961032] ledtrig-cpu: registered to indicate activity on CPUs
[   14.961885] NET: Registered protocol family 10
[   14.962118] NET: Registered protocol family 17
[   14.962131] Key type dns_resolver registered
[   14.962359] microcode: CPU0 sig=0x306a9, pf=0x2, revision=0x19
[   14.983394] microcode: CPU1 sig=0x306a9, pf=0x2, revision=0x19
[   14.983567] microcode: Microcode Update Driver: v2.01 <tigran@aivazian.fsnet.co.uk>, Peter Oruba
[   14.983834] registered taskstats version 1
[   14.983854] Loading compiled-in X.509 certificates
[   14.985113] Loaded X.509 cert 'Build time autogenerated kernel key: 32ca4feee90b5cde51f5f8c0e024b22f8c679982'
[   14.985166] zswap: loaded using pool lzo/zbud
[   14.987686] Key type trusted registered
[   14.992099] Key type encrypted registered
[   14.992108] AppArmor: AppArmor sha1 policy hashing enabled
[   14.992112] ima: No TPM chip found, activating TPM-bypass!
[   14.992136] evm: HMAC attrs: 0x1
[   14.992629]   Magic number: 9:360:349
[   15.037424] rtc_cmos rtc_cmos: setting system clock to 2017-03-25 21:19:26 UTC (1490476766)
[   15.037609] BIOS EDD facility v0.16 2004-Jun-25, 0 devices found
[   15.037610] EDD information not available.
[   15.828930] clocksource: tsc: mask: 0xffffffffffffffff max_cycles: 0x23f12bb051f, max_idle_ns: 440795256504 ns
[   15.836269] Freeing unused kernel memory: 1488K (ffffffff81f45000 - ffffffff820b9000)
[   15.895960] Write protecting the kernel read-only data: 14336k
[   15.926926] Freeing unused kernel memory: 1776K (ffff880001844000 - ffff880001a00000)
[   15.939792] Freeing unused kernel memory: 116K (ffff880001de3000 - ffff880001e00000)
Loading, please wait...
[   15.974764] random: systemd-udevd: uninitialized urandom read (16 bytes read, 4 bits of entropy available)
starting version 229
[   15.975661] random: udevadm: uninitialized urandom read (16 bytes read, 4 bits of entropy available)
[   15.975724] random: udevadm: uninitialized urandom read (16 bytes read, 4 bits of entropy available)
[   15.976008] random: udevadm: uninitialized urandom read (16 bytes read, 4 bits of entropy available)
[   15.976100] random: udevadm: uninitialized urandom read (16 bytes read, 4 bits of entropy available)
[   15.976198] random: udevadm: uninitialized urandom read (16 bytes read, 4 bits of entropy available)
[   15.976298] random: udevadm: uninitialized urandom read (16 bytes read, 4 bits of entropy available)
[   15.976393] random: udevadm: uninitialized urandom read (16 bytes read, 4 bits of entropy available)
[   15.976486] random: udevadm: uninitialized urandom read (16 bytes read, 4 bits of entropy available)
[   15.976647] random: udevadm: uninitialized urandom read (16 bytes read, 4 bits of entropy available)
[   16.126560] e1000: Intel(R) PRO/1000 Network Driver - version 7.3.21-k8-NAPI
[   16.197676] e1000: Copyright (c) 1999-2006 Intel Corporation.
[   16.216233] Fusion MPT base driver 3.04.20
[   16.259090] Copyright (c) 1999-2008 LSI Corporation
[   16.331307] Fusion MPT SPI Host driver 3.04.20
[   16.411009] AVX version of gcm_enc/dec engaged.
[   16.438620] AES CTR mode by8 optimization enabled
[   16.536540] input: ImExPS/2 Generic Explorer Mouse as /devices/platform/i8042/serio1/input/input4
[   16.844516] e1000 0000:00:03.0 eth0: (PCI:33MHz:32-bit) 02:ed:55:e6:81:b9
[   16.932822] e1000 0000:00:03.0 eth0: Intel(R) PRO/1000 Network Connection
[   17.384880] e1000 0000:00:08.0 eth1: (PCI:33MHz:32-bit) 08:00:27:4d:1e:ab
[   17.410589] e1000 0000:00:08.0 eth1: Intel(R) PRO/1000 Network Connection
[   17.416965] mptbase: ioc0: Initiating bringup
[   17.418209] e1000 0000:00:08.0 enp0s8: renamed from eth1
[   17.438028] e1000 0000:00:03.0 enp0s3: renamed from eth0
[   17.502343] ioc0: LSI53C1030 A0: Capabilities={Initiator}
[   18.809397] scsi host2: ioc0: LSI53C1030 A0, FwRev=00000000h, Ports=1, MaxQ=256, IRQ=20
[   19.219901] floppy0: no floppy controllers found
[   19.219987] work still pending
[   19.459807] scsi 2:0:0:0: Direct-Access     VBOX     HARDDISK         1.0  PQ: 0 ANSI: 5
[   19.486916] scsi target2:0:0: Beginning Domain Validation
[   19.496904] scsi target2:0:0: Domain Validation skipping write tests
[   19.503864] scsi target2:0:0: Ending Domain Validation
[   19.507959] scsi target2:0:0: asynchronous
[   19.527577] scsi 2:0:1:0: Direct-Access     VBOX     HARDDISK         1.0  PQ: 0 ANSI: 5
[   19.541351] scsi target2:0:1: Beginning Domain Validation
[   19.549351] scsi target2:0:1: Domain Validation skipping write tests
[   19.569954] scsi target2:0:1: Ending Domain Validation
[   19.571625] scsi target2:0:1: asynchronous
[   19.599909] sd 2:0:0:0: [sda] 20971520 512-byte logical blocks: (10.7 GB/10.0 GiB)
[   19.599922] sd 2:0:0:0: Attached scsi generic sg0 type 0
[   19.600607] sd 2:0:1:0: Attached scsi generic sg1 type 0
[   19.626436] sd 2:0:1:0: [sdb] 20480 512-byte logical blocks: (10.5 MB/10.0 MiB)
[   19.626715] sd 2:0:0:0: [sda] Write Protect is off
[   19.626857] sd 2:0:0:0: [sda] Incomplete mode parameter data
[   19.626859] sd 2:0:0:0: [sda] Assuming drive cache: write through
[   19.697248]  sda: sda1
[   19.698507] sd 2:0:0:0: [sda] Attached SCSI disk
[   19.739921] sd 2:0:1:0: [sdb] Write Protect is off
[   19.762568] sd 2:0:1:0: [sdb] Incomplete mode parameter data
[   19.790855] sd 2:0:1:0: [sdb] Assuming drive cache: write through
[   19.808336] sd 2:0:1:0: [sdb] Attached SCSI disk
[   27.467577] mptscsih: ioc0: attempting task abort! (sc=ffff88003e3ad680)
[   27.491933] sd 2:0:1:0: [sdb] tag#0 CDB: Inquiry 12 00 00 00 fe 00
[   27.627820] mptscsih: ioc0: task abort: FAILED (rv=2003) (sc=ffff88003e3ad680)
[   27.644270] mptscsih: ioc0: attempting target reset! (sc=ffff88003e3ad680)
[   27.649027] sd 2:0:1:0: [sdb] tag#0 CDB: Inquiry 12 00 00 00 fe 00
[   27.759715] mptscsih: ioc0: target reset: SUCCESS (sc=ffff88003e3ad680)
Begin: Loading e[   29.137387] md: linear personality registered for level -1
ssential drivers ... [   29.165455] md: multipath personality registered for level -4
[   29.174058] md: raid0 personality registered for level 0
[   29.194794] md: raid1 personality registered for level 1
[   29.295527] raid6: sse2x1   gen()  6993 MB/s
[   29.379528] raid6: sse2x1   xor()  5437 MB/s
[   29.447541] raid6: sse2x2   gen()  8932 MB/s
[   29.523773] raid6: sse2x2   xor()  6241 MB/s
[   29.611573] raid6: sse2x4   gen()  9733 MB/s
[   29.679523] raid6: sse2x4   xor()  7355 MB/s
[   29.697555] raid6: using algorithm sse2x4 gen() 9733 MB/s
[   29.724029] raid6: .... xor() 7355 MB/s, rmw enabled
[   29.766546] raid6: using ssse3x2 recovery algorithm
[   29.788934] xor: automatically using best checksumming function:
[   29.959963]    avx       : 14717.000 MB/sec
[   29.994247] async_tx: api initialized (async)
[   30.016851] md: raid6 personality registered for level 6
[   30.047569] md: raid5 personality registered for level 5
[   30.060900] md: raid4 personality registered for level 4
[   30.078592] md: raid10 personality registered for level 10
done.
Begin: Running /scripts/init-premount ... done.
Begin: Mounting root file system ... Begin: Running /scripts/local-top ... done.
Begin: Runnin[   30.144148] Btrfs loaded
g /scripts/local-premount ... Scanning for Btrfs filesystems
done.
Warning: fsck no[   30.220727] EXT4-fs (sda1): mounted filesystem with ordered data mode. Opts: (null)
t present, so skipping root file system
done.
Begin: Running /scripts/local-bottom ... done.
Begin: Running /scripts/init-bottom ... done.
[   30.330364] systemd[1]: systemd 229 running in system mode. (+PAM +AUDIT +SELINUX +IMA +APPARMOR +SMACK +SYSVINIT +UTMP +LIBCRYPTSETUP +GCRYPT +GNUTLS +ACL +XZ -LZ4 +SECCOMP +BLKID +ELFUTILS +KMOD -IDN)
[   30.383443] systemd[1]: Detected virtualization oracle.
[   30.391006] systemd[1]: Detected architecture x86-64.

Welcome to [1mUbuntu 16.04.2 LTS[0m!

[   30.433022] systemd[1]: Set hostname to <ubuntu>.
[   30.447272] systemd[1]: Initializing machine ID from random generator.
[   30.466214] systemd[1]: Installed transient /etc/machine-id file.
[   30.604932] systemd[1]: Created slice User and Session Slice.
[[0;32m  OK  [0m] Created slice User and Session Slice.
[   30.636444] systemd[1]: Listening on Syslog Socket.
[[0;32m  OK  [0m] Listening on Syslog Socket.
[   30.692151] systemd[1]: Listening on Journal Socket (/dev/log).
[[0;32m  OK  [0m] Listening on Journal Socket (/dev/log).
[   30.748092] systemd[1]: Reached target Encrypted Volumes.
[[0;32m  OK  [0m] Reached target Encrypted Volumes.
[   30.844129] systemd[1]: Listening on Journal Socket.
[[0;32m  OK  [0m] Listening on Journal Socket.
[   30.892244] systemd[1]: Listening on LVM2 poll daemon socket.
[[0;32m  OK  [0m] Listening on LVM2 poll daemon socket.
[   30.956527] systemd[1]: Started Forward Password Requests to Wall Directory Watch.
[[0;32m  OK  [0m] Started Forward Password Requests to Wall Directory Watch.
[   31.068651] systemd[1]: Created slice System Slice.
[[0;32m  OK  [0m] Created slice System Slice.
[   31.155885] systemd[1]: Starting Remount Root and Kernel File Systems...
[   31.160334] EXT4-fs (sda1): re-mounted. Opts: (null)
         Starting Remount Root and Kernel File Systems...
[   31.235797] systemd[1]: Starting Set console keymap...
         Starting Set console keymap...
[   31.260985] systemd[1]: Mounting Debug File System...
         Mounting Debug File System...
[   31.312517] systemd[1]: Created slice system-serial\x2dgetty.slice.
[[0;32m  OK  [0m] Created slice system-serial\x2dgetty.slice.
[   31.348170] systemd[1]: Starting Uncomplicated firewall...
         Starting Uncomplicated firewall...
[   31.389763] systemd[1]: Listening on Journal Audit Socket.
[[0;32m  OK  [0m] Listening on Journal Audit Socket.
[   31.451817] systemd[1]: Starting Nameserver information manager...
         Starting Nameserver information manager...
[   31.488249] systemd[1]: Reached target User and Group Name Lookups.
[[0;32m  OK  [0m] Reached target User and Group Name Lookups.
[   31.596549] systemd[1]: Listening on /dev/initctl Compatibility Named Pipe.
[[0;32m  OK  [0m] Listening on /dev/initctl Compatibility Named Pipe.
[   31.653099] systemd[1]: Listening on udev Kernel Socket.
[[0;32m  OK  [0m] Listening on udev Kernel Socket.
[   31.720172] systemd[1]: Mounting Huge Pages File System...
         Mounting Huge Pages File System...
[   31.736114] systemd[1]: Set up automount Arbitrary Executable File Formats File System Automount Point.
[[0;32m  OK  [0m] Set up automount Arbitrary Executab...ats File System Automount Point.
[   31.792482] random: nonblocking pool is initialized
[   31.827633] systemd[1]: Listening on LVM2 metadata daemon socket.
[[0;32m  OK  [0m] Listening on LVM2 metadata daemon socket.
[   31.900054] systemd[1]: Listening on udev Control Socket.
[[0;32m  OK  [0m] Listening on udev Control Socket.
[   31.936105] systemd[1]: Reached target Slices.
[[0;32m  OK  [0m] Reached target Slices.
[   31.977012] systemd[1]: Listening on Device-mapper event daemon FIFOs.
[[0;32m  OK  [0m] Listening on Device-mapper event daemon FIFOs.
[   32.024084] systemd[1]: Starting Monitoring of LVM2 mirrors, snapshots etc. using dmeventd or progress polling...
         Starting Monitoring of LVM2 mirrors... dmeventd or progress polling...
[   32.096736] systemd[1]: Starting Journal Service...
         Starting Journal Service...
[   32.121531] systemd[1]: Starting Load Kernel Modules...
         Startin[   32.139052] Loading iSCSI transport class v2.0-870.
g Load Kernel Modules...
[   32.159806] iscsi: registered transport (tcp)
[   32.159895] systemd[1]: Reached target Swap.
[[0;32m  OK  [0m] Reached targ[   32.263872] iscsi: registered transport (iser)
et Swap.
[   32.312063] systemd[1]: Starting Create list of required static device nodes for the current kernel...
         Starting Create list of required st... nodes for the current kernel...
[   32.326220] systemd[1]: Mounting POSIX Message Queue File System...
         Mounting POSIX Message Queue File System...
[   32.372844] systemd[1]: Mounted POSIX Message Queue File System.
[[0;32m  OK  [0m] Mounted POSIX Message Queue File System.
[   32.435930] systemd[1]: Mounted Huge Pages File System.
[[0;32m  OK  [0m] Mounted Huge Pages File System.
[   32.487860] systemd[1]: Mounted Debug File System.
[[0;32m  OK  [0m] Mounted Debug File System.
[   32.524209] systemd[1]: Started Journal Service.
[[0;32m  OK  [0m] Started Journal Service.
[[0;32m  OK  [0m] Started Remount Root and Kernel File Systems.
[[0;32m  OK  [0m] Started Set console keymap.
[[0;32m  OK  [0m] Started Uncomplicated firewall.
[[0;32m  OK  [0m] Started Load Kernel Modules.
[[0;32m  OK  [0m] Started Create list of required sta...ce nodes for the current kernel.
[[0;32m  OK  [0m] Started Nameserver information manager.
[[0;32m  OK  [0m] Started LVM2 metadata daemon.
         Starting Create Static Device Nodes in /dev...
         Mounting FUSE Control File System...
         Starting Apply Kernel Variables...
         Starting udev Coldplug all Devices...
         Starting Load/Save Random Seed...
         Starting Initial cloud-init job (pre-networking)...
         Starting Flush Journal to Persistent Storage...
[[0;32m  OK  [0m] Mounted FUSE Control File System.
[[0;32m  OK  [0m] Started Create Static Device Nodes in /dev.
[[0;32m  OK  [0m] Started Apply Kernel Variables.
[[0;32m  OK  [0m] Started Load/Save Random Seed.
[[0;32m  OK  [0m] Started Monitoring of LVM2 mirrors,...ng dmeventd or progress polling.
[[0;32m  OK  [0m] Started udev Coldplug all Devices.
[[0;32m  OK  [0m] Started Flush Journal to Persistent Storage.
         Starting udev Kernel Device Manager...
[[0;32m  OK  [0m] Started udev Kernel Device Manager.
[[0;32m  OK  [0m] Reached target Local File Systems (Pre).
[[0;32m  OK  [0m] Reached target Local File Systems.
         Starting Create Volatile Files and Directories...
         Starting LSB: AppArmor initialization...
         Starting Commit a transient machine-id on disk...
         Starting Tell Plymouth To Write Out Runtime Data...
         Starting Set console font and keymap...
[[0;32m  OK  [0m] Started Dispatch Password Requests to Console Directory Watch.
[[0;32m  OK  [0m] Started Create Volatile Files and Directories.
[[0;32m  OK  [0m] Started Commit a transient machine-id on disk.
[[0;32m  OK  [0m] Started Tell Plymouth To Write Out Runtime Data.
[[0;32m  OK  [0m] Found device /dev/ttyS0.
[[0;32m  OK  [0m] Reached target System Time Synchronized.
         Starting Update UTMP about System Boot/Shutdown...
[[0;32m  OK  [0m] Started Update UTMP about System Boot/Shutdown.
[[0;32m  OK  [0m] Started Set console font and keymap.
[[0;32m  OK  [0m] Created slice system-getty.slice.
[   27.334788] cloud-init[491]: Cloud-init v. 0.7.9 running 'init-local' at Sat, 25 Mar 2017 21:19:45 +0000. Up 26.31 seconds.
[[0;32m  OK  [0m] Started Initial cloud-init job (pre-networking).
[[0;32m  OK  [0m] Reached target Network (Pre).
[[0;32m  OK  [0m] Listening on Load/Save RF Kill Switch Status /dev/rfkill Watch.
[[0;32m  OK  [0m] Started LSB: AppArmor initialization.
         Starting Raise network interfaces...
[[0;32m  OK  [0m] Started Raise network interfaces.
[[0;32m  OK  [0m] Reached target Network.
         Starting Initial cloud-init job (metadata service crawler)...
[   30.935480] cloud-init[1063]: Cloud-init v. 0.7.9 running 'init' at Sat, 25 Mar 2017 21:19:49 +0000. Up 29.90 seconds.
[   30.993343] cloud-init[1063]: ci-info: ++++++++++++++++++++++++++++++++++++++Net device info++++++++++++++++++++++++++++++++++++++
[[0;32m  OK  [0m] Started Initial cloud-init job (metadata service crawler).
[   31.031158] cloud-init[1063]: ci-info: +--------+-------+----------------------------+---------------+-------+-------------------+
[   31.100250] cloud-init[1063]: ci-info: | Device |   Up  |          Address           |      Mask     | Scope |     Hw-Address    |
[   31.156658] cloud-init[1063]: ci-info: +--------+-------+----------------------------+---------------+-------+-------------------+
[   31.256020] cloud-init[1063]: ci-info: | enp0s8 | False |             .              |       .       |   .   | 08:00:27:4d:1e:ab |
[   31.301064] cloud-init[1063]: ci-info: |   lo   |  True |         127.0.0.1          |   255.0.0.0   |   .   |         .         |
[   31.341254] cloud-init[1063]: ci-info: |   lo   |  True |          ::1/128           |       .       |  host |         .         |
[[0;32m  OK  [0m] Reached target System Initialization.
[[0;32m  OK  [0m] Started Daily Cleanup of Temporary Directories.
[[0;32m  OK  [0m] Listening on UUID daemon activation socket.
[   31.384321] cloud-init[1063]: ci-info: | enp0s3 |  True |         10.0.2.15          | 255.255.255.0 |   .   | 02:ed:55:e6:81:b9 |
[   31.501182] cloud-init[1063]: ci-info: | enp0s3 |  True | fe80::ed:55ff:fee6:81b9/64 |       .       |  link | 02:ed:55:e6:81:b9 |
[   31.536687] cloud-init[1063]: ci-info: +--------+-------+----------------------------+---------------+-------+-------------------+
[   31.580375] cloud-init[1063]: ci-info: +++++++++++++++++++++++++++Route IPv4 info++++++++++++++++++++++++++++
[   31.580577] cloud-init[1063]: ci-info: +-------+-------------+----------+---------------+-----------+-------+
[   31.580817] cloud-init[1063]: ci-info: | Route | Destination | Gateway  |    Genmask    | Interface | Flags |
[   31.580878] cloud-init[1063]: ci-info: +-------+-------------+----------+---------------+-----------+-------+
[   31.580952] cloud-init[1063]: ci-info: |   0   |   0.0.0.0   | 10.0.2.2 |    0.0.0.0    |   enp0s3  |   UG  |
[   31.581098] cloud-init[1063]: ci-info: |   1   |   10.0.2.0  | 0.0.0.0  | 255.255.255.0 |   enp0s3  |   U   |
[   31.581194] cloud-init[1063]: ci-info: +-------+-------------+----------+---------------+-----------+-------+
[   31.581282] cloud-init[1063]: Generating public/private rsa key pair.
[   31.581373] cloud-init[1063]: Your identification has been saved in /etc/ssh/ssh_host_rsa_key.
[   31.581460] cloud-init[1063]: Your public key has been saved in /etc/ssh/ssh_host_rsa_key.pub.
[   31.581517] cloud-init[1063]: The key fingerprint is:
[   31.581566] cloud-init[1063]: SHA256:Om7ZuY50JMHLvnHSAuUeA/l9oi0keDeR0MBV1LH4L7Y root@ubuntu-xenial
[   31.581622] cloud-init[1063]: The key's randomart image is:
[   31.581671] cloud-init[1063]: +---[RSA 2048]----+
[   31.581718] cloud-init[1063]: |   .o+.oo...     |
[   31.581767] cloud-init[1063]: |    .+.. ...     |
[   31.581814] cloud-init[1063]: |    o * . .      |
[   31.582024] cloud-init[1063]: |   . * = .       |
[   31.582172] cloud-init[1063]: |  . + % S o      |
[   31.582243] cloud-init[1063]: |   . B @ o .     |
[   31.582394] cloud-init[1063]: |      %o=.o .    |
[   31.582479] cloud-init[1063]: |     oo@o. o     |
[   31.582534] cloud-init[1063]: |     .+.o.E      |
[   31.582583] cloud-init[1063]: +----[SHA256]-----+
[   31.582631] cloud-init[1063]: Generating public/private dsa key pair.
[   31.582696] cloud-init[1063]: Your identification has been saved in /etc/ssh/ssh_host_dsa_key.
[   31.582782] cloud-init[1063]: Your public key has been saved in /etc/ssh/ssh_host_dsa_key.pub.
[   31.582848] cloud-init[1063]: The key fingerprint is:
[   31.582980] cloud-init[1063]: SHA256:9QYSK+/TXkJG56Uj5SpNMxKGPg+F9gWoV6IL2Eb7G8I root@ubuntu-xenial
[   31.583061] cloud-init[1063]: The key's randomart image is:
[   31.583141] cloud-init[1063]: +---[DSA 1024]----+
[   31.583267] cloud-init[1063]: |       .o        |
[   31.583370] cloud-init[1063]: |  .   oo.+       |
[   31.583558] cloud-init[1063]: | + . o=o* = o .  |
[   31.583660] cloud-init[1063]: |. = oo.* * B o   |
[   31.583756] cloud-init[1063]: | o o o+ S B B    |
[   31.583839] cloud-init[1063]: |  E +  = B * .   |
[   31.583896] cloud-init[1063]: |   . o  = = .    |
[   31.583943] cloud-init[1063]: |    .    + o     |
[   31.583990] cloud-init[1063]: |          .      |
         Starting LXD - unix socket.
[[0;32m  OK  [0m] Started Daily apt activities.
[[0;32m  OK  [0m] Started Trigger resolvconf update for networkd DNS.
[   31.584185] cloud-init[1063]: +----[SHA256]-----+
[   33.200747] cloud-init[1063]: Generating public/private ecdsa key pair.
[   33.220669] cloud-init[1063]: Your identification has been saved in /etc/ssh/ssh_host_ecdsa_key.
[[0;32m  OK  [0m] Started ACPI Events Check.
[[0;32m  OK  [0m] Reached target Paths.
[   33.263564]          Starting Socket activation for snappy daemon.
cloud-init[1063]: Your public key has been saved in /etc/ssh/ssh_host_ecdsa_key.pub.
[   33.368861] [cloud-init[0;32m  OK  [0m[1063]: ] The key fingerprint is:Listening on D-Bus System Message Bus Socket.

[[0;32m  OK  [0m] Listening on ACPID Listen Socket.
[[0;32m  OK  [0m] Started Timer to automatically refresh installed snaps.
[   33.369531] [cloud-init[0;32m  OK  [0m[1063]: ] SHA256:RSCROIK7f2DRYR9MKcrkPInRcQegCmUP2XGBUflGyO4 root@ubuntu-xenialReached target Timers.

[   33.573890] [cloud-init[0;32m  OK  [0m[1063]: ] The key's randomart image is:Reached target Network is Online.

[   33.574847] cloud-init[1063]: +---[ECDSA 256]---+
[   33.644534]          cloud-initStarting iSCSI initiator daemon (iscsid)...[1063]: 
| o*==@OB...      |
[   33.657706] [cloud-init[0;32m  OK  [0m[1063]: ] |o+=+OoO...       |Reached target Cloud-config availability.

[[0;32m  OK  [0m] Listening on LXD - unix socket.
[[0;32m  OK  [0m] Listening on Socket activation for snappy daemon.
[   33.658689] cloud-init[1063]: |oO *.* +  .      |
[   33.796299] [cloud-init[0;32m  OK  [0m[1063]: ] |= O . o o.       |Reached target Sockets.

[   33.797209] [cloud-init[0;32m  OK  [0m[1063]: ] |.. o . .S        |Reached target Basic System.

[   33.829757] cloud-init[1063]: |. o   E          |
[   33.944670] [cloud-init[0;32m  OK  [0m[1063]: ] | o .             |Started D-Bus System Message Bus.

[   33.945610] cloud-init[1063]: |  . .            |
[   34.029758]          cloud-initStarting /etc/rc.local Compatibility...[1063]: 
|   .             |
         Starting LSB: MD monitoring daemon...
[   34.099178] cloud-init[1063]: +----[SHA256]-----+
[   34.146985] cloud-init[1063]: Generating public/private ed25519 key pair.
[[0;32m  OK  [0m] Started Regular background program processing daemon.
[   34.183413] cloud-init[1063]: Your identification has been saved in /etc/ssh/ssh_host_ed25519_key.
         Starting LSB: Record successful boot for GRUB...
[   34.251445] cloud-init[1063]: Your public key has been saved in /etc/ssh/ssh_host_ed25519_key.pub.
[   34.309036]          Starting Apply the settings specified in cloud-config...
cloud-init[1063]: The key fingerprint is:
[   34.394353] [cloud-init[0;32m  OK  [0m[1063]: ] SHA256:rl7qQ9YISbjVBJscmZ/aZ43M1ya3doM9XN8VN04lERE root@ubuntu-xenialStarted Snappy daemon.

[   34.395220] cloud-init[1063]: The key's randomart image is:
[   34.503815]          cloud-initStarting Accounts Service...[1063]: 
+--[ED25519 256]--+
[   34.577005] [cloud-init[0;32m  OK  [0m[1063]: ] |   .o*.       E= |Started Deferred execution scheduler.

[   34.609538] cloud-init[1063]: |  ..=+.       . .|
         Starting Auto import assertions from block devices...
         Starting LXD - container startup/shutdown...
[   34.651987] cloud-init[1063]: |   ++o .       ..|
[   34.724329] [cloud-init[0;32m  OK  [0m[1063]: ] |  . o o        +.|Started FUSE filesystem for LXC.

[   34.725021] cloud-init[1063]: |     + =So .  o +|
[[0;32m  OK  [0m] Started ACPI event daemon.
[   34.789029] cloud-init[1063]: |    . =.B + +  .o|
[   34.814655] cloud-init[1063]: |     o oo. + = .+|
[   34.820599] cloud-init[1063]: |      .+    + * o|
         Starting System Logging Service...
[   34.855136] cloud-init[1063]: |     o=.   . . o |
         [   34.896419] cloud-init[1063]: +----[SHA256]-----+
Starting Pollinate to seed the pseudo random number generator...
[   34.921196] cloud-init[1174]: Generating locales (this might take a while)...
         Starting Login Service...
[[0;32m  OK  [0m] Started System Logging Service.
[[0;32m  OK  [0m] Started iSCSI initiator daemon (iscsid).
[[0;32m  OK  [0m] Started /etc/rc.local Compatibility.
[[0;32m  OK  [0m] Started Auto import assertions from block devices.
[[0;32m  OK  [0m] Started LXD - container startup/shutdown.
[[0;32m  OK  [0m] Started LSB: MD monitoring daemon.
[[0;32m  OK  [0m] Started LSB: Record successful boot for GRUB.
         Starting Authenticate and Authorize Users to Run Privileged Tasks...
         Starting Login to default iSCSI targets...
[[0;32m  OK  [0m] Started Login Service.
[[0;32m  OK  [0m] Started Authenticate and Authorize Users to Run Privileged Tasks.
[[0;32m  OK  [0m] Started Accounts Service.
[[0;32m  OK  [0m] Started Login to default iSCSI targets.
[[0;32m  OK  [0m] Reached target Remote File Systems (Pre).
[[0;32m  OK  [0m] Reached target Remote File Systems.
         Starting LSB: VirtualBox Linux Additions...
         Starting LSB: Set the CPU Frequency Scaling governor to "ondemand"...
         Starting LSB: daemon to balance interrupts for SMP systems...
         Starting LSB: automatic crash report generation...
         Starting Permit User Sessions...
[[0;32m  OK  [0m] Started Permit User Sessions.
         Starting Hold until boot process finishes up...
         Starting Terminate Plymouth Boot Screen...
[[0;32m  OK  [0m] Started LSB: Set the CPU Frequency Scaling governor to "ondemand".
[[0;32m  OK  [0m] Started Terminate Plymouth Boot Screen.
[[0;32m  OK  [0m] Started Hold until boot process finishes up.
[[0;32m  OK  [0m] Started LSB: daemon to balance interrupts for SMP systems.
         Starting Set console scheme...
[[0;32m  OK  [0m] Started Getty on tty1.
[[0;32m  OK  [0m] Started Serial Getty on ttyS0.
[[0;32m  OK  [0m] Reached target Login Prompts.
[[0;32m  OK  [0m] Started LSB: VirtualBox Linux Additions.
[[0;32m  OK  [0m] Started LSB: automatic crash report generation.
[[0;32m  OK  [0m] Started Set console scheme.
[[0;32m  OK  [0m] Started Pollinate to seed the pseudo random number generator.
         Starting OpenBSD Secure Shell server...
[[0;32m  OK  [0m] Started OpenBSD Secure Shell server.
[[0;32m  OK  [0m] Reached target Multi-User System.
[[0;32m  OK  [0m] Reached target Graphical Interface.
         Starting Update UTMP about System Runlevel Changes...
[[0;32m  OK  [0m] Started Update UTMP about System Runlevel Changes.
[   36.880410] cloud-init[1174]:   en_US.UTF-8... done
[   36.904806] cloud-init[1174]: Generation complete.
         Stopping OpenBSD Secure Shell server...
[[0;32m  OK  [0m] Stopped OpenBSD Secure Shell server.
         Starting OpenBSD Secure Shell server...
[[0;32m  OK  [0m] Started OpenBSD Secure Shell server.
[[0;32m  OK  [0m] Created slice User Slice of ubuntu.
         Starting User Manager for UID 1000...
[[0;32m  OK  [0m] Started Session 1 of user ubuntu.
[[0;32m  OK  [0m] Started User Manager for UID 1000.
[   38.282267] cloud-init[1174]: Cloud-init v. 0.7.9 running 'modules:config' at Sat, 25 Mar 2017 21:19:53 +0000. Up 34.78 seconds.
[[0;32m  OK  [0m] Started Apply the settings specified in cloud-config.
         Starting Execute cloud user/final scripts...
ci-info: no authorized ssh keys fingerprints found for user ubuntu.
<14>Mar 25 21:19:58 ec2: 
<14>Mar 25 21:19:58 ec2: #############################################################
<14>Mar 25 21:19:58 ec2: -----BEGIN SSH HOST KEY FINGERPRINTS-----
<14>Mar 25 21:19:58 ec2: 1024 SHA256:9QYSK+/TXkJG56Uj5SpNMxKGPg+F9gWoV6IL2Eb7G8I root@ubuntu-xenial (DSA)
<14>Mar 25 21:19:58 ec2: 256 SHA256:RSCROIK7f2DRYR9MKcrkPInRcQegCmUP2XGBUflGyO4 root@ubuntu-xenial (ECDSA)
<14>Mar 25 21:19:58 ec2: 256 SHA256:rl7qQ9YISbjVBJscmZ/aZ43M1ya3doM9XN8VN04lERE root@ubuntu-xenial (ED25519)
<14>Mar 25 21:19:58 ec2: 2048 SHA256:Om7ZuY50JMHLvnHSAuUeA/l9oi0keDeR0MBV1LH4L7Y root@ubuntu-xenial (RSA)
<14>Mar 25 21:19:58 ec2: -----END SSH HOST KEY FINGERPRINTS-----
<14>Mar 25 21:19:58 ec2: #############################################################
-----BEGIN SSH HOST KEY KEYS-----
ecdsa-sha2-nistp256 AAAAE2VjZHNhLXNoYTItbmlzdHAyNTYAAAAIbmlzdHAyNTYAAABBBEAnnfeZIoG68dygdovPSxR5/MtXdmD82dKTxE3OxKm2Y++NMYdT+hWqSD467q9AQJoOH37Pv9Wchxdi+igh+Yw= root@ubuntu-xenial
ssh-ed25519 AAAAC3NzaC1lZDI1NTE5AAAAIDkFMjmK+PLH0PFfBm5LjLVeg7L14u0nl6CbnNf4GkA0 root@ubuntu-xenial
ssh-rsa AAAAB3NzaC1yc2EAAAADAQABAAABAQDPF3DTU9q3XGEbmVlh9eURGVN6LV4Ky39tIW7NquJ8TbLWp+/uDlg0vDJRiLbJj4ohlpI718+RmXEnEsq6Htnr9LwJJiIgslg64+2Pcw232X/c4a3/p3krpOqP9mqD4F7jrSO+aG2EA0S02DTwE6YcUP3DP49LxPGfYA9xuisPFxIa/ycodqxCbLLms1yHP6GubUBZsFm3H2G9xODl3XL4u/Xqyi7Oh70pJ59tAq8IIgcIpCNw6QEsN0D3/K5rHi4RSJxPu0dbFwRmw+f5FkjczlBY0/RkATTI9EUb3pauVYmgBOuvIkXtp0oFkU3DM2LrdY/UoErs4yV2Umbdoa33 root@ubuntu-xenial
-----END SSH HOST KEY KEYS-----
[   40.234793] cloud-init[1509]: Cloud-init v. 0.7.9 running 'modules:final' at Sat, 25 Mar 2017 21:19:58 +0000. Up 39.26 seconds.
[[0;32m  OK  [0m] Started Session 2 of user ubuntu.
[   40.288705] cloud-init[1509]: ci-info: no authorized ssh keys fingerprints found for user ubuntu.
[   40.318063] cloud-init[1509]: Cloud-init v. 0.7.9 finished at Sat, 25 Mar 2017 21:19:59 +0000. Datasource DataSourceNoCloud [seed=/dev/sdb][dsmode=net].  Up 40.19 seconds
[[0;32m  OK  [0m] Started Execute cloud user/final scripts.
[[0;32m  OK  [0m] Reached target Cloud-init target.

Ubuntu 16.04.2 LTS ubuntu-xenial ttyS0

ubuntu-xenial login: 